[0.018s] Invoking command in '/home/jerry-li/ros2_ws/build/fizzbuzz': CMAKE_PREFIX_PATH=${CMAKE_PREFIX_PATH}:/opt/ros/jazzy DEBUGINFOD_URLS=https://debuginfod.ubuntu.com /usr/bin/cmake /home/jerry-li/ros2_ws/src/fizzbuzz -DCMAKE_INSTALL_PREFIX=/home/jerry-li/ros2_ws/install/fizzbuzz
[0.251s] -- The C compiler identification is GNU 13.3.0
[0.382s] -- The CXX compiler identification is GNU 13.3.0
[0.409s] -- Detecting C compiler ABI info
[0.540s] -- Detecting C compiler ABI info - done
[0.558s] -- Check for working C compiler: /usr/bin/cc - skipped
[0.559s] -- Detecting C compile features
[0.560s] -- Detecting C compile features - done
[0.574s] -- Detecting CXX compiler ABI info
[0.712s] -- Detecting CXX compiler ABI info - done
[0.729s] -- Check for working CXX compiler: /usr/bin/c++ - skipped
[0.730s] -- Detecting CXX compile features
[0.730s] -- Detecting CXX compile features - done
[0.735s] -- Found ament_cmake: 2.5.4 (/opt/ros/jazzy/share/ament_cmake/cmake)
[0.960s] -- Found Python3: /usr/bin/python3 (found version "3.12.3") found components: Interpreter 
[1.129s] -- Found ament_lint_auto: 0.17.2 (/opt/ros/jazzy/share/ament_lint_auto/cmake)
[1.298s] -- Added test 'lint_cmake' to check CMake code style
[1.300s] -- Added test 'xmllint' to check XML markup files
[1.302s] -- Configuring done (1.3s)
[1.307s] -- Generating done (0.0s)
[1.310s] -- Build files have been written to: /home/jerry-li/ros2_ws/build/fizzbuzz
[1.316s] Invoked command in '/home/jerry-li/ros2_ws/build/fizzbuzz' returned '0': CMAKE_PREFIX_PATH=${CMAKE_PREFIX_PATH}:/opt/ros/jazzy DEBUGINFOD_URLS=https://debuginfod.ubuntu.com /usr/bin/cmake /home/jerry-li/ros2_ws/src/fizzbuzz -DCMAKE_INSTALL_PREFIX=/home/jerry-li/ros2_ws/install/fizzbuzz
[1.318s] Invoking command in '/home/jerry-li/ros2_ws/build/fizzbuzz': CMAKE_PREFIX_PATH=${CMAKE_PREFIX_PATH}:/opt/ros/jazzy DEBUGINFOD_URLS=https://debuginfod.ubuntu.com /usr/bin/cmake --build /home/jerry-li/ros2_ws/build/fizzbuzz -- -j8 -l8
[1.373s] Invoked command in '/home/jerry-li/ros2_ws/build/fizzbuzz' returned '0': CMAKE_PREFIX_PATH=${CMAKE_PREFIX_PATH}:/opt/ros/jazzy DEBUGINFOD_URLS=https://debuginfod.ubuntu.com /usr/bin/cmake --build /home/jerry-li/ros2_ws/build/fizzbuzz -- -j8 -l8
[1.388s] Invoking command in '/home/jerry-li/ros2_ws/build/fizzbuzz': CMAKE_PREFIX_PATH=${CMAKE_PREFIX_PATH}:/opt/ros/jazzy DEBUGINFOD_URLS=https://debuginfod.ubuntu.com /usr/bin/cmake --install /home/jerry-li/ros2_ws/build/fizzbuzz
[1.399s] -- Install configuration: ""
[1.399s] -- Installing: /home/jerry-li/ros2_ws/install/fizzbuzz/share/ament_index/resource_index/package_run_dependencies/fizzbuzz
[1.399s] -- Installing: /home/jerry-li/ros2_ws/install/fizzbuzz/share/ament_index/resource_index/parent_prefix_path/fizzbuzz
[1.400s] -- Installing: /home/jerry-li/ros2_ws/install/fizzbuzz/share/fizzbuzz/environment/ament_prefix_path.sh
[1.400s] -- Installing: /home/jerry-li/ros2_ws/install/fizzbuzz/share/fizzbuzz/environment/ament_prefix_path.dsv
[1.400s] -- Installing: /home/jerry-li/ros2_ws/install/fizzbuzz/share/fizzbuzz/environment/path.sh
[1.401s] -- Installing: /home/jerry-li/ros2_ws/install/fizzbuzz/share/fizzbuzz/environment/path.dsv
[1.401s] -- Installing: /home/jerry-li/ros2_ws/install/fizzbuzz/share/fizzbuzz/local_setup.bash
[1.401s] -- Installing: /home/jerry-li/ros2_ws/install/fizzbuzz/share/fizzbuzz/local_setup.sh
[1.401s] -- Installing: /home/jerry-li/ros2_ws/install/fizzbuzz/share/fizzbuzz/local_setup.zsh
[1.401s] -- Installing: /home/jerry-li/ros2_ws/install/fizzbuzz/share/fizzbuzz/local_setup.dsv
[1.402s] -- Installing: /home/jerry-li/ros2_ws/install/fizzbuzz/share/fizzbuzz/package.dsv
[1.402s] -- Installing: /home/jerry-li/ros2_ws/install/fizzbuzz/share/ament_index/resource_index/packages/fizzbuzz
[1.402s] -- Installing: /home/jerry-li/ros2_ws/install/fizzbuzz/share/fizzbuzz/cmake/fizzbuzzConfig.cmake
[1.402s] -- Installing: /home/jerry-li/ros2_ws/install/fizzbuzz/share/fizzbuzz/cmake/fizzbuzzConfig-version.cmake
[1.402s] -- Installing: /home/jerry-li/ros2_ws/install/fizzbuzz/share/fizzbuzz/package.xml
[1.406s] Invoked command in '/home/jerry-li/ros2_ws/build/fizzbuzz' returned '0': CMAKE_PREFIX_PATH=${CMAKE_PREFIX_PATH}:/opt/ros/jazzy DEBUGINFOD_URLS=https://debuginfod.ubuntu.com /usr/bin/cmake --install /home/jerry-li/ros2_ws/build/fizzbuzz
