[0.017s] Invoking command in '/home/jerry-li/ros2_ws/build/fizzbuzz': CMAKE_PREFIX_PATH=${CMAKE_PREFIX_PATH}:/home/jerry-li/ros2_ws/install/my_package:/opt/ros/jazzy DEBUGINFOD_URLS=https://debuginfod.ubuntu.com /usr/bin/cmake --build /home/jerry-li/ros2_ws/build/fizzbuzz -- -j8 -l8
[0.049s] -- Found ament_cmake: 2.5.4 (/opt/ros/jazzy/share/ament_cmake/cmake)
[0.486s] -- Found ament_lint_auto: 0.17.2 (/opt/ros/jazzy/share/ament_lint_auto/cmake)
[0.638s] -- Added test 'flake8' to check Python code syntax and style conventions
[0.639s] -- Configured 'flake8' exclude dirs and/or files: 
[0.639s] -- Added test 'lint_cmake' to check CMake code style
[0.640s] -- Added test 'pep257' to check Python code against some of the docstring style conventions in PEP 257
[0.642s] -- Added test 'xmllint' to check XML markup files
[0.643s] -- Configuring done (0.6s)
[0.648s] -- Generating done (0.0s)
[0.651s] -- Build files have been written to: /home/jerry-li/ros2_ws/build/fizzbuzz
[0.682s] Invoked command in '/home/jerry-li/ros2_ws/build/fizzbuzz' returned '0': CMAKE_PREFIX_PATH=${CMAKE_PREFIX_PATH}:/home/jerry-li/ros2_ws/install/my_package:/opt/ros/jazzy DEBUGINFOD_URLS=https://debuginfod.ubuntu.com /usr/bin/cmake --build /home/jerry-li/ros2_ws/build/fizzbuzz -- -j8 -l8
[0.708s] Invoking command in '/home/jerry-li/ros2_ws/build/fizzbuzz': CMAKE_PREFIX_PATH=${CMAKE_PREFIX_PATH}:/home/jerry-li/ros2_ws/install/my_package:/opt/ros/jazzy DEBUGINFOD_URLS=https://debuginfod.ubuntu.com /usr/bin/cmake --install /home/jerry-li/ros2_ws/build/fizzbuzz
[0.736s] -- Install configuration: ""
[0.737s] -- Installing: /home/jerry-li/ros2_ws/install/fizzbuzz/share/ament_index/resource_index/package_run_dependencies/fizzbuzz
[0.737s] -- Installing: /home/jerry-li/ros2_ws/install/fizzbuzz/share/ament_index/resource_index/parent_prefix_path/fizzbuzz
[0.738s] -- Up-to-date: /home/jerry-li/ros2_ws/install/fizzbuzz/share/fizzbuzz/environment/ament_prefix_path.sh
[0.738s] -- Up-to-date: /home/jerry-li/ros2_ws/install/fizzbuzz/share/fizzbuzz/environment/ament_prefix_path.dsv
[0.739s] -- Up-to-date: /home/jerry-li/ros2_ws/install/fizzbuzz/share/fizzbuzz/environment/path.sh
[0.739s] -- Up-to-date: /home/jerry-li/ros2_ws/install/fizzbuzz/share/fizzbuzz/environment/path.dsv
[0.740s] -- Up-to-date: /home/jerry-li/ros2_ws/install/fizzbuzz/share/fizzbuzz/local_setup.bash
[0.740s] -- Up-to-date: /home/jerry-li/ros2_ws/install/fizzbuzz/share/fizzbuzz/local_setup.sh
[0.740s] -- Up-to-date: /home/jerry-li/ros2_ws/install/fizzbuzz/share/fizzbuzz/local_setup.zsh
[0.740s] -- Up-to-date: /home/jerry-li/ros2_ws/install/fizzbuzz/share/fizzbuzz/local_setup.dsv
[0.741s] -- Up-to-date: /home/jerry-li/ros2_ws/install/fizzbuzz/share/fizzbuzz/package.dsv
[0.741s] -- Up-to-date: /home/jerry-li/ros2_ws/install/fizzbuzz/share/ament_index/resource_index/packages/fizzbuzz
[0.741s] -- Up-to-date: /home/jerry-li/ros2_ws/install/fizzbuzz/share/fizzbuzz/cmake/fizzbuzzConfig.cmake
[0.742s] -- Up-to-date: /home/jerry-li/ros2_ws/install/fizzbuzz/share/fizzbuzz/cmake/fizzbuzzConfig-version.cmake
[0.742s] -- Installing: /home/jerry-li/ros2_ws/install/fizzbuzz/share/fizzbuzz/package.xml
[0.745s] Invoked command in '/home/jerry-li/ros2_ws/build/fizzbuzz' returned '0': CMAKE_PREFIX_PATH=${CMAKE_PREFIX_PATH}:/home/jerry-li/ros2_ws/install/my_package:/opt/ros/jazzy DEBUGINFOD_URLS=https://debuginfod.ubuntu.com /usr/bin/cmake --install /home/jerry-li/ros2_ws/build/fizzbuzz
