[1.746s] Invoking command in '/home/jerry-li/ros2_ws/src/my_package': DEBUGINFOD_URLS=https://debuginfod.ubuntu.com PYTHONPATH=/home/jerry-li/ros2_ws/build/my_package/prefix_override:/usr/lib/python3/dist-packages/colcon_core/task/python/colcon_distutils_commands:/home/jerry-li/ros2_ws/install/my_package/lib/python3.12/site-packages:${PYTHONPATH} /usr/bin/python3 -W ignore:setup.py install is deprecated -W ignore:easy_install command is deprecated setup.py egg_info --egg-base ../../build/my_package build --build-base /home/jerry-li/ros2_ws/build/my_package/build install --record /home/jerry-li/ros2_ws/build/my_package/install.log --single-version-externally-managed install_data
[2.181s] running egg_info
[2.212s] writing ../../build/my_package/my_package.egg-info/PKG-INFO
[2.273s] writing dependency_links to ../../build/my_package/my_package.egg-info/dependency_links.txt
[2.274s] writing entry points to ../../build/my_package/my_package.egg-info/entry_points.txt
[2.274s] writing requirements to ../../build/my_package/my_package.egg-info/requires.txt
[2.275s] writing top-level names to ../../build/my_package/my_package.egg-info/top_level.txt
[2.419s] reading manifest file '../../build/my_package/my_package.egg-info/SOURCES.txt'
[2.477s] adding license file 'LICENSE'
[2.479s] writing manifest file '../../build/my_package/my_package.egg-info/SOURCES.txt'
[2.479s] running build
[2.479s] running build_py
[2.484s] running install
[2.511s] running install_lib
[2.606s] running install_data
[2.606s] running install_egg_info
[2.645s] removing '/home/jerry-li/ros2_ws/install/my_package/lib/python3.12/site-packages/my_package-0.0.0-py3.12.egg-info' (and everything under it)
[2.645s] Copying ../../build/my_package/my_package.egg-info to /home/jerry-li/ros2_ws/install/my_package/lib/python3.12/site-packages/my_package-0.0.0-py3.12.egg-info
[2.647s] running install_scripts
[2.863s] Installing my_node script to /home/jerry-li/ros2_ws/install/my_package/lib/my_package
[2.925s] writing list of installed files to '/home/jerry-li/ros2_ws/build/my_package/install.log'
[3.043s] Invoked command in '/home/jerry-li/ros2_ws/src/my_package' returned '0': DEBUGINFOD_URLS=https://debuginfod.ubuntu.com PYTHONPATH=/home/jerry-li/ros2_ws/build/my_package/prefix_override:/usr/lib/python3/dist-packages/colcon_core/task/python/colcon_distutils_commands:/home/jerry-li/ros2_ws/install/my_package/lib/python3.12/site-packages:${PYTHONPATH} /usr/bin/python3 -W ignore:setup.py install is deprecated -W ignore:easy_install command is deprecated setup.py egg_info --egg-base ../../build/my_package build --build-base /home/jerry-li/ros2_ws/build/my_package/build install --record /home/jerry-li/ros2_ws/build/my_package/install.log --single-version-externally-managed install_data
